A D/amm////
A D/boot////
A D/bootp////
A D/clientos////
A D/com////
A D/crt////
A D/dev////
A D/diskpart////
A D/doc////
A D/dpf////
A D/examples////
A D/exec////
A D/flask////
A D/freebsd////
A D/fsnamespace////
A D/fsread////
A D/fudp////
A D/gprof////
A D/hpfq////
A D/kern////
A D/knit////
A D/libc////
A D/libmad////
A D/linux////
A D/lmm////
A D/memdebug////
A D/memfs////
A D/netbsd////
A D/netdisk////
A D/oskit////
A D/posix////
A D/realtime////
A D/rtld////
A D/security////
A D/smp////
A D/startup////
A D/svm////
A D/threads////
A D/tmcp////
A D/udp////
A D/unix////
A D/unsupported////
A D/uvm////
A D/video////
A D/x11////
A D/zlib////
